0 verbose cli [
0 verbose cli   'C:\\Program Files\\nodejs\\node.exe',
0 verbose cli   'C:\\Users\\Bharat\\AppData\\Roaming\\npm\\node_modules\\npm\\bin\\npm-cli.js',
0 verbose cli   'view',
0 verbose cli   '--json',
0 verbose cli   'framer-motion',
0 verbose cli   'description',
0 verbose cli   'dist-tags.latest',
0 verbose cli   'homepage',
0 verbose cli   'version'
0 verbose cli ]
1 info using npm@7.19.1
2 info using node@v14.17.1
3 timing npm:load:whichnode Completed in 1ms
4 timing config:load:defaults Completed in 2ms
5 timing config:load:file:C:\Users\Bharat\AppData\Roaming\npm\node_modules\npm\npmrc Completed in 11ms
6 timing config:load:builtin Completed in 11ms
7 timing config:load:cli Completed in 5ms
8 timing config:load:env Completed in 1ms
9 timing config:load:file:c:\Users\Bharat\portfolio-app\.npmrc Completed in 0ms
10 timing config:load:project Completed in 2ms
11 timing config:load:file:C:\Users\Bharat\.npmrc Completed in 0ms
12 timing config:load:user Completed in 0ms
13 timing config:load:file:C:\Users\Bharat\AppData\Roaming\npm\etc\npmrc Completed in 0ms
14 timing config:load:global Completed in 1ms
15 timing config:load:validate Completed in 0ms
16 timing config:load:credentials Completed in 2ms
17 timing config:load:setEnvs Completed in 2ms
18 timing config:load Completed in 27ms
19 timing npm:load:configload Completed in 27ms
20 timing npm:load:setTitle Completed in 0ms
21 timing npm:load:setupLog Completed in 1ms
22 timing npm:load:cleanupLog Completed in 4ms
23 timing npm:load:configScope Completed in 0ms
24 timing npm:load:projectScope Completed in 1ms
25 timing npm:load Completed in 34ms
26 timing config:load:flatten Completed in 5ms
27 timing command:view Completed in 70098ms
28 verbose type system
29 verbose stack FetchError: request to https://registry.npmjs.org/framer-motion failed, reason: getaddrinfo ENOTFOUND registry.npmjs.org
29 verbose stack     at ClientRequest.<anonymous> (C:\Users\Bharat\AppData\Roaming\npm\node_modules\npm\node_modules\minipass-fetch\lib\index.js:97:14)
29 verbose stack     at ClientRequest.emit (events.js:375:28)
29 verbose stack     at TLSSocket.socketErrorListener (_http_client.js:475:9)
29 verbose stack     at TLSSocket.emit (events.js:387:35)
29 verbose stack     at emitErrorNT (internal/streams/destroy.js:106:8)
29 verbose stack     at emitErrorCloseNT (internal/streams/destroy.js:74:3)
29 verbose stack     at processTicksAndRejections (internal/process/task_queues.js:82:21)
30 verbose cwd c:\Users\Bharat\portfolio-app
31 verbose Windows_NT 10.0.19042
32 verbose argv "C:\\Program Files\\nodejs\\node.exe" "C:\\Users\\Bharat\\AppData\\Roaming\\npm\\node_modules\\npm\\bin\\npm-cli.js" "view" "--json" "framer-motion" "description" "dist-tags.latest" "homepage" "version"
33 verbose node v14.17.1
34 verbose npm  v7.19.1
35 error code ENOTFOUND
36 error syscall getaddrinfo
37 error errno ENOTFOUND
38 error network request to https://registry.npmjs.org/framer-motion failed, reason: getaddrinfo ENOTFOUND registry.npmjs.org
39 error network This is a problem related to network connectivity.
39 error network In most cases you are behind a proxy or have bad network settings.
39 error network
39 error network If you are behind a proxy, please make sure that the
39 error network 'proxy' config is set properly.  See: 'npm help config'
40 verbose exit 1
